[35m[1mScanning dependencies of target planner_manager_node[0m
[ 33%] [32mBuilding CXX object CMakeFiles/planner_manager_node.dir/src/planner_manager_fsm.cpp.o[0m
[ 66%] [32mBuilding CXX object CMakeFiles/planner_manager_node.dir/src/planner_manager.cpp.o[0m
In file included from [01m[K/home/zhicheng/Project/FRGraph/src/planner_manager/include/planner_manager.h:16[m[K,
                 from [01m[K/home/zhicheng/Project/FRGraph/src/planner_manager/src/planner_manager.cpp:1[m[K:
[01m[K/home/zhicheng/Project/FRGraph/src/third_party/DecompROS/decomp_ros_utils/include/decomp_ros_utils/data_ros_utils.h:4:10:[m[K [01;31m[Kfatal error: [m[Kdecomp_geometry/ellipsoid.h: No such file or directory
    4 | #include [01;31m[K<decomp_geometry/ellipsoid.h>[m[K
      |          [01;31m[K^~~~~~~~~~~~~~~~~~~~~~~~~~~~~[m[K
compilation terminated.
In file included from [01m[K/home/zhicheng/Project/FRGraph/src/planner_manager/include/planner_manager.h:16[m[K,
                 from [01m[K/home/zhicheng/Project/FRGraph/src/planner_manager/include/planner_manager_fsm.h:8[m[K,
                 from [01m[K/home/zhicheng/Project/FRGraph/src/planner_manager/src/planner_manager_fsm.cpp:1[m[K:
[01m[K/home/zhicheng/Project/FRGraph/src/third_party/DecompROS/decomp_ros_utils/include/decomp_ros_utils/data_ros_utils.h:4:10:[m[K [01;31m[Kfatal error: [m[Kdecomp_geometry/ellipsoid.h: No such file or directory
    4 | #include [01;31m[K<decomp_geometry/ellipsoid.h>[m[K
      |          [01;31m[K^~~~~~~~~~~~~~~~~~~~~~~~~~~~~[m[K
compilation terminated.
make[2]: *** [CMakeFiles/planner_manager_node.dir/build.make:63: CMakeFiles/planner_manager_node.dir/src/planner_manager.cpp.o] Error 1
make[2]: *** Waiting for unfinished jobs....
make[2]: *** [CMakeFiles/planner_manager_node.dir/build.make:76: CMakeFiles/planner_manager_node.dir/src/planner_manager_fsm.cpp.o] Error 1
make[1]: *** [CMakeFiles/Makefile2:215: CMakeFiles/planner_manager_node.dir/all] Error 2
make: *** [Makefile:141: all] Error 2
